::1 - - [12/Oct/2018:00:38:19 +0000] "GET / HTTP/1.1" 200 4921 "-" "Mozilla/5.0 (Windows NT 10.0; Win64; x64) AppleWebKit/537.36 (KHTML, like Gecko) Chrome/69.0.3497.100 Safari/537.36"
::1 - - [12/Oct/2018:00:38:21 +0000] "GET /favicon.ico HTTP/1.1" 404 150 "http://localhost:8081/" "Mozilla/5.0 (Windows NT 10.0; Win64; x64) AppleWebKit/537.36 (KHTML, like Gecko) Chrome/69.0.3497.100 Safari/537.36"
::1 - - [12/Oct/2018:00:38:24 +0000] "GET /bmi HTTP/1.1" 200 849 "http://localhost:8081/" "Mozilla/5.0 (Windows NT 10.0; Win64; x64) AppleWebKit/537.36 (KHTML, like Gecko) Chrome/69.0.3497.100 Safari/537.36"
::1 - - [12/Oct/2018:00:38:34 +0000] "GET /contact HTTP/1.1" 200 1300 "http://localhost:8081/" "Mozilla/5.0 (Windows NT 10.0; Win64; x64) AppleWebKit/537.36 (KHTML, like Gecko) Chrome/69.0.3497.100 Safari/537.36"
::1 - - [12/Oct/2018:00:38:44 +0000] "GET /index HTTP/1.1" 404 144 "http://localhost:8081/" "Mozilla/5.0 (Windows NT 10.0; Win64; x64) AppleWebKit/537.36 (KHTML, like Gecko) Chrome/69.0.3497.100 Safari/537.36"
::1 - - [12/Oct/2018:00:38:48 +0000] "GET /index HTTP/1.1" 404 144 "http://localhost:8081/" "Mozilla/5.0 (Windows NT 10.0; Win64; x64) AppleWebKit/537.36 (KHTML, like Gecko) Chrome/69.0.3497.100 Safari/537.36"
::1 - - [12/Oct/2018:00:39:04 +0000] "GET /bmi HTTP/1.1" 304 - "http://localhost:8081/" "Mozilla/5.0 (Windows NT 10.0; Win64; x64) AppleWebKit/537.36 (KHTML, like Gecko) Chrome/69.0.3497.100 Safari/537.36"
::1 - - [12/Oct/2018:00:40:42 +0000] "GET / HTTP/1.1" 304 - "-" "Mozilla/5.0 (Windows NT 10.0; Win64; x64) AppleWebKit/537.36 (KHTML, like Gecko) Chrome/69.0.3497.100 Safari/537.36"
::1 - - [12/Oct/2018:00:40:45 +0000] "GET /bmi HTTP/1.1" 200 2496 "http://localhost:8081/" "Mozilla/5.0 (Windows NT 10.0; Win64; x64) AppleWebKit/537.36 (KHTML, like Gecko) Chrome/69.0.3497.100 Safari/537.36"
::1 - - [12/Oct/2018:00:40:48 +0000] "GET /contact HTTP/1.1" 304 - "http://localhost:8081/bmi" "Mozilla/5.0 (Windows NT 10.0; Win64; x64) AppleWebKit/537.36 (KHTML, like Gecko) Chrome/69.0.3497.100 Safari/537.36"
::1 - - [12/Oct/2018:00:41:44 +0000] "GET /contact HTTP/1.1" 200 2939 "http://localhost:8081/bmi" "Mozilla/5.0 (Windows NT 10.0; Win64; x64) AppleWebKit/537.36 (KHTML, like Gecko) Chrome/69.0.3497.100 Safari/537.36"
::1 - - [12/Oct/2018:00:41:46 +0000] "GET /index HTTP/1.1" 404 144 "http://localhost:8081/contact" "Mozilla/5.0 (Windows NT 10.0; Win64; x64) AppleWebKit/537.36 (KHTML, like Gecko) Chrome/69.0.3497.100 Safari/537.36"
::1 - - [12/Oct/2018:00:42:18 +0000] "GET / HTTP/1.1" 304 - "-" "Mozilla/5.0 (Windows NT 10.0; Win64; x64) AppleWebKit/537.36 (KHTML, like Gecko) Chrome/69.0.3497.100 Safari/537.36"
::1 - - [12/Oct/2018:00:42:55 +0000] "GET /bmi HTTP/1.1" 304 - "http://localhost:8081/" "Mozilla/5.0 (Windows NT 10.0; Win64; x64) AppleWebKit/537.36 (KHTML, like Gecko) Chrome/69.0.3497.100 Safari/537.36"
::1 - - [28/Oct/2018:23:24:31 +0000] "GET / HTTP/1.1" 200 4921 "-" "Mozilla/5.0 (Windows NT 10.0; Win64; x64) AppleWebKit/537.36 (KHTML, like Gecko) Chrome/70.0.3538.77 Safari/537.36"
::1 - - [28/Oct/2018:23:24:33 +0000] "GET /favicon.ico HTTP/1.1" 404 150 "http://localhost:8081/" "Mozilla/5.0 (Windows NT 10.0; Win64; x64) AppleWebKit/537.36 (KHTML, like Gecko) Chrome/70.0.3538.77 Safari/537.36"
::1 - - [28/Oct/2018:23:24:36 +0000] "GET /bmi HTTP/1.1" 200 2496 "http://localhost:8081/" "Mozilla/5.0 (Windows NT 10.0; Win64; x64) AppleWebKit/537.36 (KHTML, like Gecko) Chrome/70.0.3538.77 Safari/537.36"
::1 - - [28/Oct/2018:23:25:34 +0000] "GET / HTTP/1.1" 304 - "-" "Mozilla/5.0 (Windows NT 10.0; Win64; x64) AppleWebKit/537.36 (KHTML, like Gecko) Chrome/70.0.3538.77 Safari/537.36"
::1 - - [28/Oct/2018:23:25:38 +0000] "GET /index HTTP/1.1" 404 144 "http://localhost:8081/" "Mozilla/5.0 (Windows NT 10.0; Win64; x64) AppleWebKit/537.36 (KHTML, like Gecko) Chrome/70.0.3538.77 Safari/537.36"
::1 - - [28/Oct/2018:23:29:47 +0000] "GET / HTTP/1.1" 304 - "-" "Mozilla/5.0 (Windows NT 10.0; Win64; x64) AppleWebKit/537.36 (KHTML, like Gecko) Chrome/70.0.3538.77 Safari/537.36"
::1 - - [28/Oct/2018:23:29:50 +0000] "GET /contact HTTP/1.1" 200 2939 "http://localhost:8081/" "Mozilla/5.0 (Windows NT 10.0; Win64; x64) AppleWebKit/537.36 (KHTML, like Gecko) Chrome/70.0.3538.77 Safari/537.36"
::1 - - [28/Oct/2018:23:29:53 +0000] "GET /bmi HTTP/1.1" 304 - "http://localhost:8081/contact" "Mozilla/5.0 (Windows NT 10.0; Win64; x64) AppleWebKit/537.36 (KHTML, like Gecko) Chrome/70.0.3538.77 Safari/537.36"
::1 - - [28/Oct/2018:23:29:55 +0000] "GET /index HTTP/1.1" 404 144 "http://localhost:8081/bmi" "Mozilla/5.0 (Windows NT 10.0; Win64; x64) AppleWebKit/537.36 (KHTML, like Gecko) Chrome/70.0.3538.77 Safari/537.36"
::1 - - [28/Oct/2018:23:32:06 +0000] "GET /index HTTP/1.1" 404 144 "http://localhost:8081/bmi" "Mozilla/5.0 (Windows NT 10.0; Win64; x64) AppleWebKit/537.36 (KHTML, like Gecko) Chrome/70.0.3538.77 Safari/537.36"
::1 - - [28/Oct/2018:23:32:10 +0000] "GET /bmi HTTP/1.1" 304 - "http://localhost:8081/bmi" "Mozilla/5.0 (Windows NT 10.0; Win64; x64) AppleWebKit/537.36 (KHTML, like Gecko) Chrome/70.0.3538.77 Safari/537.36"
::1 - - [28/Oct/2018:23:32:12 +0000] "GET /contact HTTP/1.1" 304 - "http://localhost:8081/bmi" "Mozilla/5.0 (Windows NT 10.0; Win64; x64) AppleWebKit/537.36 (KHTML, like Gecko) Chrome/70.0.3538.77 Safari/537.36"
::1 - - [28/Oct/2018:23:32:13 +0000] "GET /bmi HTTP/1.1" 304 - "http://localhost:8081/contact" "Mozilla/5.0 (Windows NT 10.0; Win64; x64) AppleWebKit/537.36 (KHTML, like Gecko) Chrome/70.0.3538.77 Safari/537.36"
::1 - - [28/Oct/2018:23:45:05 +0000] "GET /bmi HTTP/1.1" 200 2492 "http://localhost:8081/contact" "Mozilla/5.0 (Windows NT 10.0; Win64; x64) AppleWebKit/537.36 (KHTML, like Gecko) Chrome/70.0.3538.77 Safari/537.36"
::1 - - [28/Oct/2018:23:46:35 +0000] "GET /bmi HTTP/1.1" 304 - "http://localhost:8081/contact" "Mozilla/5.0 (Windows NT 10.0; Win64; x64) AppleWebKit/537.36 (KHTML, like Gecko) Chrome/70.0.3538.77 Safari/537.36"
::1 - - [28/Oct/2018:23:47:35 +0000] "GET /index HTTP/1.1" 404 144 "http://localhost:8081/bmi" "Mozilla/5.0 (Windows NT 10.0; Win64; x64) AppleWebKit/537.36 (KHTML, like Gecko) Chrome/70.0.3538.77 Safari/537.36"
::1 - - [28/Oct/2018:23:52:24 +0000] "GET /index HTTP/1.1" 200 4917 "-" "Mozilla/5.0 (Windows NT 10.0; Win64; x64) AppleWebKit/537.36 (KHTML, like Gecko) Chrome/70.0.3538.77 Safari/537.36"
::1 - - [28/Oct/2018:23:52:26 +0000] "GET /index HTTP/1.1" 304 - "http://localhost:8081/index" "Mozilla/5.0 (Windows NT 10.0; Win64; x64) AppleWebKit/537.36 (KHTML, like Gecko) Chrome/70.0.3538.77 Safari/537.36"
::1 - - [28/Oct/2018:23:52:28 +0000] "GET /bmi HTTP/1.1" 200 2537 "http://localhost:8081/index" "Mozilla/5.0 (Windows NT 10.0; Win64; x64) AppleWebKit/537.36 (KHTML, like Gecko) Chrome/70.0.3538.77 Safari/537.36"
::1 - - [28/Oct/2018:23:52:29 +0000] "GET /js/bmi.js HTTP/1.1" 404 148 "http://localhost:8081/bmi" "Mozilla/5.0 (Windows NT 10.0; Win64; x64) AppleWebKit/537.36 (KHTML, like Gecko) Chrome/70.0.3538.77 Safari/537.36"
::1 - - [28/Oct/2018:23:52:29 +0000] "GET /js/bmi.js HTTP/1.1" 404 148 "http://localhost:8081/bmi" "Mozilla/5.0 (Windows NT 10.0; Win64; x64) AppleWebKit/537.36 (KHTML, like Gecko) Chrome/70.0.3538.77 Safari/537.36"
::1 - - [28/Oct/2018:23:54:40 +0000] "GET / HTTP/1.1" 200 4917 "-" "Mozilla/5.0 (Windows NT 10.0; Win64; x64) AppleWebKit/537.36 (KHTML, like Gecko) Chrome/70.0.3538.77 Safari/537.36"
::1 - - [28/Oct/2018:23:54:44 +0000] "GET /bmi HTTP/1.1" 200 2535 "http://localhost:8081/" "Mozilla/5.0 (Windows NT 10.0; Win64; x64) AppleWebKit/537.36 (KHTML, like Gecko) Chrome/70.0.3538.77 Safari/537.36"
::1 - - [28/Oct/2018:23:54:44 +0000] "GET /js/bmi.js HTTP/1.1" 404 148 "http://localhost:8081/bmi" "Mozilla/5.0 (Windows NT 10.0; Win64; x64) AppleWebKit/537.36 (KHTML, like Gecko) Chrome/70.0.3538.77 Safari/537.36"
::1 - - [28/Oct/2018:23:54:45 +0000] "GET /js/bmi.js HTTP/1.1" 404 148 "http://localhost:8081/bmi" "Mozilla/5.0 (Windows NT 10.0; Win64; x64) AppleWebKit/537.36 (KHTML, like Gecko) Chrome/70.0.3538.77 Safari/537.36"
::1 - - [28/Oct/2018:23:55:09 +0000] "GET /js/bmi.js HTTP/1.1" 404 148 "-" "Mozilla/5.0 (Windows NT 10.0; Win64; x64) AppleWebKit/537.36 (KHTML, like Gecko) Chrome/70.0.3538.77 Safari/537.36"
::1 - - [28/Oct/2018:23:56:05 +0000] "GET /bmi HTTP/1.1" 200 2503 "http://localhost:8081/" "Mozilla/5.0 (Windows NT 10.0; Win64; x64) AppleWebKit/537.36 (KHTML, like Gecko) Chrome/70.0.3538.77 Safari/537.36"
::1 - - [28/Oct/2018:23:56:05 +0000] "GET /js/bmi.js HTTP/1.1" 404 148 "http://localhost:8081/bmi" "Mozilla/5.0 (Windows NT 10.0; Win64; x64) AppleWebKit/537.36 (KHTML, like Gecko) Chrome/70.0.3538.77 Safari/537.36"
::1 - - [28/Oct/2018:23:56:06 +0000] "GET /js/bmi.js HTTP/1.1" 404 148 "http://localhost:8081/bmi" "Mozilla/5.0 (Windows NT 10.0; Win64; x64) AppleWebKit/537.36 (KHTML, like Gecko) Chrome/70.0.3538.77 Safari/537.36"
::1 - - [28/Oct/2018:23:59:29 +0000] "GET /bmi HTTP/1.1" 200 2498 "http://localhost:8081/" "Mozilla/5.0 (Windows NT 10.0; Win64; x64) AppleWebKit/537.36 (KHTML, like Gecko) Chrome/70.0.3538.77 Safari/537.36"
::1 - - [29/Oct/2018:00:14:03 +0000] "GET / HTTP/1.1" 200 4899 "-" "Mozilla/5.0 (Windows NT 10.0; Win64; x64) AppleWebKit/537.36 (KHTML, like Gecko) Chrome/70.0.3538.77 Safari/537.36"
::1 - - [29/Oct/2018:00:14:07 +0000] "GET /bmi HTTP/1.1" 304 - "http://localhost:8081/" "Mozilla/5.0 (Windows NT 10.0; Win64; x64) AppleWebKit/537.36 (KHTML, like Gecko) Chrome/70.0.3538.77 Safari/537.36"
